======================================== CARTOGRAPHER LOG ========================================
Start time: Sun Nov  2 08:24:37 PM CST 2025
Jetson: jetty
ROS 2 Distro: humble
==================================================================================================

[INFO] [launch]: All log files can be found below /home/eagle/.ros/log/2025-11-02-20-24-38-373933-jetty-50542
[INFO] [launch]: Default logging verbosity is set to INFO
[INFO] [usb_lidar_node-1]: process started with pid [50556]
[INFO] [static_transform_publisher-2]: process started with pid [50558]
[INFO] [cartographer_node-3]: process started with pid [50560]
[INFO] [cartographer_occupancy_grid_node-4]: process started with pid [50562]
[static_transform_publisher-2] [INFO] [1762136678.591660499] [base_to_laser_tf]: Spinning until stopped - publishing transform
[static_transform_publisher-2] translation: ('0.000000', '0.000000', '0.000000')
[static_transform_publisher-2] rotation: ('0.000000', '0.000000', '0.000000', '1.000000')
[static_transform_publisher-2] from 'base_link' to 'laser_frame'
[cartographer_node-3] [INFO] [1762136679.150317516] [cartographer logger]: I1102 20:24:39.000000 50560 configuration_file_resolver.cc:41] Found '/home/eagle/Adversary_DRONE/slam_ws/install/slam_config/share/slam_config/config/cartographer_2d_lidar.lua' for 'cartographer_2d_lidar.lua'.
[cartographer_node-3] [INFO] [1762136679.153289965] [cartographer logger]: I1102 20:24:39.000000 50560 configuration_file_resolver.cc:41] Found '/opt/ros/humble/share/cartographer/configuration_files/map_builder.lua' for 'map_builder.lua'.
[cartographer_node-3] [INFO] [1762136679.153413010] [cartographer logger]: I1102 20:24:39.000000 50560 configuration_file_resolver.cc:41] Found '/opt/ros/humble/share/cartographer/configuration_files/map_builder.lua' for 'map_builder.lua'.
[cartographer_node-3] [INFO] [1762136679.153528247] [cartographer logger]: I1102 20:24:39.000000 50560 configuration_file_resolver.cc:41] Found '/opt/ros/humble/share/cartographer/configuration_files/pose_graph.lua' for 'pose_graph.lua'.
[cartographer_node-3] [INFO] [1762136679.153569145] [cartographer logger]: I1102 20:24:39.000000 50560 configuration_file_resolver.cc:41] Found '/opt/ros/humble/share/cartographer/configuration_files/pose_graph.lua' for 'pose_graph.lua'.
[cartographer_node-3] [INFO] [1762136679.153843525] [cartographer logger]: I1102 20:24:39.000000 50560 configuration_file_resolver.cc:41] Found '/opt/ros/humble/share/cartographer/configuration_files/trajectory_builder.lua' for 'trajectory_builder.lua'.
[cartographer_node-3] [INFO] [1762136679.153888231] [cartographer logger]: I1102 20:24:39.000000 50560 configuration_file_resolver.cc:41] Found '/opt/ros/humble/share/cartographer/configuration_files/trajectory_builder.lua' for 'trajectory_builder.lua'.
[cartographer_node-3] [INFO] [1762136679.154021516] [cartographer logger]: I1102 20:24:39.000000 50560 configuration_file_resolver.cc:41] Found '/opt/ros/humble/share/cartographer/configuration_files/trajectory_builder_2d.lua' for 'trajectory_builder_2d.lua'.
[cartographer_node-3] [INFO] [1762136679.154063662] [cartographer logger]: I1102 20:24:39.000000 50560 configuration_file_resolver.cc:41] Found '/opt/ros/humble/share/cartographer/configuration_files/trajectory_builder_2d.lua' for 'trajectory_builder_2d.lua'.
[cartographer_node-3] [INFO] [1762136679.154289176] [cartographer logger]: I1102 20:24:39.000000 50560 configuration_file_resolver.cc:41] Found '/opt/ros/humble/share/cartographer/configuration_files/trajectory_builder_3d.lua' for 'trajectory_builder_3d.lua'.
[cartographer_node-3] [INFO] [1762136679.154333338] [cartographer logger]: I1102 20:24:39.000000 50560 configuration_file_resolver.cc:41] Found '/opt/ros/humble/share/cartographer/configuration_files/trajectory_builder_3d.lua' for 'trajectory_builder_3d.lua'.
[cartographer_node-3] [INFO] [1762136679.267218889] [cartographer logger]: I1102 20:24:39.000000 50560 map_builder_bridge.cpp:136] Added trajectory with ID '0'.
[usb_lidar_node-1] [INFO] [1762136687.095160881] [usb_tim_publisher]: Publishing scan: 811 points, 0.333° increment | subs=8
[cartographer_node-3] [INFO] [1762136687.100284301] [cartographer logger]: I1102 20:24:47.000000 50560 ordered_multi_queue.cc:172] All sensor data for trajectory 0 is available starting at '638977334870957677'.
[cartographer_node-3] [WARN] [1762136687.102983905] [cartographer logger]: W1102 20:24:47.000000 50560 pose_extrapolator.cc:168] Queue too short for velocity estimation. Queue duration: 0 s
[cartographer_node-3] [INFO] [1762136687.109476057] [cartographer logger]: I1102 20:24:47.000000 50560 pose_graph_2d.cc:148] Inserted submap (0, 0).
[usb_lidar_node-1] [INFO] [1762136689.143214891] [usb_tim_publisher]: Publishing scan: 811 points, 0.333° increment | subs=8
[usb_lidar_node-1] [INFO] [1762136691.144909155] [usb_tim_publisher]: Publishing scan: 811 points, 0.333° increment | subs=8
[usb_lidar_node-1] [INFO] [1762136693.193296151] [usb_tim_publisher]: Publishing scan: 811 points, 0.333° increment | subs=8
[cartographer_node-3] [INFO] [1762136694.298311689] [cartographer logger]: I1102 20:24:54.000000 50560 collated_trajectory_builder.cc:81] scan rate: 20.14 Hz 4.96e-02 s +/- 4.18e-03 s (pulsed at 100.00% real time)
[usb_lidar_node-1] [INFO] [1762136695.195033696] [usb_tim_publisher]: Publishing scan: 811 points, 0.333° increment | subs=8
[usb_lidar_node-1] [INFO] [1762136697.246209624] [usb_tim_publisher]: Publishing scan: 811 points, 0.333° increment | subs=8
[usb_lidar_node-1] [INFO] [1762136699.293143936] [usb_tim_publisher]: Publishing scan: 811 points, 0.333° increment | subs=8
[usb_lidar_node-1] [INFO] [1762136701.293676846] [usb_tim_publisher]: Publishing scan: 811 points, 0.333° increment | subs=8
[cartographer_node-3] [INFO] [1762136702.015294439] [cartographer logger]: I1102 20:25:02.000000 50608 pose_graph_2d.cc:538] Remaining work items in queue: 0
[cartographer_node-3] [INFO] [1762136702.015434925] [cartographer logger]: I1102 20:25:02.000000 50608 constraint_builder_2d.cc:290] 0 computations resulted in 0 additional constraints.
[cartographer_node-3] [INFO] [1762136702.015458702] [cartographer logger]: I1102 20:25:02.000000 50608 constraint_builder_2d.cc:292] Score histogram:
[cartographer_node-3] Count: 0
[usb_lidar_node-1] [INFO] [1762136703.343241557] [usb_tim_publisher]: Publishing scan: 811 points, 0.333° increment | subs=8
[usb_lidar_node-1] [INFO] [1762136705.393800813] [usb_tim_publisher]: Publishing scan: 811 points, 0.333° increment | subs=8
[cartographer_node-3] [INFO] [1762136706.764057258] [cartographer logger]: I1102 20:25:06.000000 50560 pose_graph_2d.cc:148] Inserted submap (0, 1).
[cartographer_node-3] [INFO] [1762136706.815382358] [cartographer logger]: I1102 20:25:06.000000 50608 pose_graph_2d.cc:538] Remaining work items in queue: 0
[cartographer_node-3] [INFO] [1762136706.815522524] [cartographer logger]: I1102 20:25:06.000000 50608 constraint_builder_2d.cc:290] 0 computations resulted in 0 additional constraints.
[cartographer_node-3] [INFO] [1762136706.815691364] [cartographer logger]: I1102 20:25:06.000000 50608 constraint_builder_2d.cc:292] Score histogram:
[cartographer_node-3] Count: 0
[usb_lidar_node-1] [INFO] [1762136707.451837290] [usb_tim_publisher]: Publishing scan: 811 points, 0.333° increment | subs=8
[cartographer_node-3] [INFO] [1762136709.309716902] [cartographer logger]: I1102 20:25:09.000000 50560 collated_trajectory_builder.cc:81] scan rate: 20.00 Hz 5.00e-02 s +/- 1.77e-03 s (pulsed at 99.97% real time)
[usb_lidar_node-1] [INFO] [1762136709.493288396] [usb_tim_publisher]: Publishing scan: 811 points, 0.333° increment | subs=8
[cartographer_node-3] [INFO] [1762136710.722139763] [cartographer logger]: I1102 20:25:10.000000 50606 pose_graph_2d.cc:538] Remaining work items in queue: 0
[cartographer_node-3] [INFO] [1762136710.722298490] [cartographer logger]: I1102 20:25:10.000000 50606 constraint_builder_2d.cc:290] 0 computations resulted in 0 additional constraints.
[cartographer_node-3] [INFO] [1762136710.722323483] [cartographer logger]: I1102 20:25:10.000000 50606 constraint_builder_2d.cc:292] Score histogram:
[cartographer_node-3] Count: 0
[usb_lidar_node-1] [INFO] [1762136711.493992818] [usb_tim_publisher]: Publishing scan: 811 points, 0.333° increment | subs=8
[cartographer_node-3] [INFO] [1762136712.068573539] [cartographer logger]: I1102 20:25:12.000000 50560 motion_filter.cc:42] Motion filter reduced the number of nodes to 30.8%.
[usb_lidar_node-1] [INFO] [1762136713.543264179] [usb_tim_publisher]: Publishing scan: 811 points, 0.333° increment | subs=8
[cartographer_node-3] [INFO] [1762136713.819952926] [cartographer logger]: I1102 20:25:13.000000 50560 pose_graph_2d.cc:148] Inserted submap (0, 2).
[cartographer_node-3] [INFO] [1762136713.880085560] [cartographer logger]: I1102 20:25:13.000000 50607 constraint_builder_2d.cc:275] Node (0, 180) with 205 points on submap (0, 0) differs by translation 0.00 rotation 0.000 with score 82.4%.
[cartographer_node-3] [INFO] [1762136714.002752884] [cartographer logger]: I1102 20:25:14.000000 50607 constraint_builder_2d.cc:275] Node (0, 182) with 206 points on submap (0, 0) differs by translation 0.00 rotation 0.001 with score 81.2%.
[cartographer_node-3] [INFO] [1762136714.020060339] [cartographer logger]: I1102 20:25:14.000000 50608 pose_graph_2d.cc:538] Remaining work items in queue: 0
[cartographer_node-3] [INFO] [1762136714.020203257] [cartographer logger]: I1102 20:25:14.000000 50608 constraint_builder_2d.cc:290] 2 computations resulted in 2 additional constraints.
[cartographer_node-3] [INFO] [1762136714.020372864] [cartographer logger]: I1102 20:25:14.000000 50608 constraint_builder_2d.cc:292] Score histogram:
[cartographer_node-3] Count: 2  Min: 0.812416  Max: 0.8244  Mean: 0.818408
[cartographer_node-3] [0.812416, 0.813614)	          ##########	Count: 1 (50%)	Total: 1 (50%)
[cartographer_node-3] [0.813614, 0.814813)	                    	Count: 0 (0%)	Total: 1 (50%)
[cartographer_node-3] [0.814813, 0.816011)	                    	Count: 0 (0%)	Total: 1 (50%)
[cartographer_node-3] [0.816011, 0.817209)	                    	Count: 0 (0%)	Total: 1 (50%)
[cartographer_node-3] [0.817209, 0.818408)	                    	Count: 0 (0%)	Total: 1 (50%)
[cartographer_node-3] [0.818408, 0.819606)	                    	Count: 0 (0%)	Total: 1 (50%)
[cartographer_node-3] [0.819606, 0.820805)	                    	Count: 0 (0%)	Total: 1 (50%)
[cartographer_node-3] [0.820805, 0.822003)	                    	Count: 0 (0%)	Total: 1 (50%)
[cartographer_node-3] [0.822003, 0.823201)	                    	Count: 0 (0%)	Total: 1 (50%)
[cartographer_node-3] [0.823201, 0.824400]	          ##########	Count: 1 (50%)	Total: 2 (100%)
[cartographer_node-3] [INFO] [1762136714.136369950] [cartographer logger]: I1102 20:25:14.000000 50606 constraint_builder_2d.cc:275] Node (0, 184) with 201 points on submap (0, 0) differs by translation 0.00 rotation 0.000 with score 79.9%.
[cartographer_node-3] [INFO] [1762136714.266488115] [cartographer logger]: I1102 20:25:14.000000 50606 constraint_builder_2d.cc:275] Node (0, 186) with 201 points on submap (0, 0) differs by translation 0.00 rotation 0.001 with score 78.7%.
[cartographer_node-3] [INFO] [1762136714.393132789] [cartographer logger]: I1102 20:25:14.000000 50606 constraint_builder_2d.cc:275] Node (0, 188) with 210 points on submap (0, 0) differs by translation 0.00 rotation 0.000 with score 81.6%.
[cartographer_node-3] [INFO] [1762136714.536678437] [cartographer logger]: I1102 20:25:14.000000 50606 constraint_builder_2d.cc:275] Node (0, 190) with 201 points on submap (0, 0) differs by translation 0.00 rotation 0.000 with score 76.6%.
[cartographer_node-3] [INFO] [1762136714.660605139] [cartographer logger]: I1102 20:25:14.000000 50606 constraint_builder_2d.cc:275] Node (0, 192) with 202 points on submap (0, 0) differs by translation 0.00 rotation 0.000 with score 76.6%.
[cartographer_node-3] [INFO] [1762136714.810871040] [cartographer logger]: I1102 20:25:14.000000 50606 constraint_builder_2d.cc:275] Node (0, 194) with 202 points on submap (0, 0) differs by translation 0.00 rotation 0.000 with score 76.1%.
[cartographer_node-3] [INFO] [1762136714.958682436] [cartographer logger]: I1102 20:25:14.000000 50606 constraint_builder_2d.cc:275] Node (0, 196) with 204 points on submap (0, 0) differs by translation 0.00 rotation 0.000 with score 75.1%.
[cartographer_node-3] [INFO] [1762136715.072279963] [cartographer logger]: I1102 20:25:15.000000 50606 constraint_builder_2d.cc:275] Node (0, 198) with 204 points on submap (0, 0) differs by translation 0.00 rotation 0.000 with score 76.0%.
[cartographer_node-3] [INFO] [1762136715.214929953] [cartographer logger]: I1102 20:25:15.000000 50606 constraint_builder_2d.cc:275] Node (0, 200) with 205 points on submap (0, 0) differs by translation 0.00 rotation 0.000 with score 75.6%.
[cartographer_node-3] [INFO] [1762136715.352222660] [cartographer logger]: I1102 20:25:15.000000 50607 constraint_builder_2d.cc:275] Node (0, 202) with 207 points on submap (0, 0) differs by translation 0.00 rotation 0.000 with score 78.2%.
[cartographer_node-3] [INFO] [1762136715.451554748] [cartographer logger]: I1102 20:25:15.000000 50609 constraint_builder_2d.cc:275] Node (0, 204) with 206 points on submap (0, 0) differs by translation 0.00 rotation 0.000 with score 77.5%.
[cartographer_node-3] [INFO] [1762136715.590144055] [cartographer logger]: I1102 20:25:15.000000 50609 constraint_builder_2d.cc:275] Node (0, 206) with 208 points on submap (0, 0) differs by translation 0.00 rotation 0.001 with score 79.5%.
[usb_lidar_node-1] [INFO] [1762136715.594356233] [usb_tim_publisher]: Publishing scan: 811 points, 0.333° increment | subs=8
[cartographer_node-3] [INFO] [1762136715.735739002] [cartographer logger]: I1102 20:25:15.000000 50609 constraint_builder_2d.cc:275] Node (0, 208) with 208 points on submap (0, 0) differs by translation 0.00 rotation 0.000 with score 75.4%.
[cartographer_node-3] [INFO] [1762136715.863370179] [cartographer logger]: I1102 20:25:15.000000 50607 constraint_builder_2d.cc:275] Node (0, 210) with 204 points on submap (0, 0) differs by translation 0.01 rotation 0.000 with score 75.3%.
[cartographer_node-3] [INFO] [1762136716.000266965] [cartographer logger]: I1102 20:25:16.000000 50608 constraint_builder_2d.cc:275] Node (0, 212) with 212 points on submap (0, 0) differs by translation 0.00 rotation 0.000 with score 75.9%.
[cartographer_node-3] [INFO] [1762136716.160760206] [cartographer logger]: I1102 20:25:16.000000 50608 constraint_builder_2d.cc:275] Node (0, 214) with 202 points on submap (0, 0) differs by translation 0.00 rotation 0.000 with score 77.3%.
[cartographer_node-3] [INFO] [1762136716.267694886] [cartographer logger]: I1102 20:25:16.000000 50608 constraint_builder_2d.cc:275] Node (0, 216) with 216 points on submap (0, 0) differs by translation 0.00 rotation 0.001 with score 78.8%.
[cartographer_node-3] [INFO] [1762136716.411367253] [cartographer logger]: I1102 20:25:16.000000 50608 constraint_builder_2d.cc:275] Node (0, 218) with 203 points on submap (0, 0) differs by translation 0.00 rotation 0.000 with score 75.7%.
[cartographer_node-3] [INFO] [1762136716.562905906] [cartographer logger]: I1102 20:25:16.000000 50608 constraint_builder_2d.cc:275] Node (0, 220) with 203 points on submap (0, 0) differs by translation 0.00 rotation 0.001 with score 79.1%.
[cartographer_node-3] [INFO] [1762136716.640529455] [cartographer logger]: I1102 20:25:16.000000 50608 constraint_builder_2d.cc:275] Node (0, 222) with 201 points on submap (0, 0) differs by translation 0.00 rotation 0.000 with score 77.2%.
[cartographer_node-3] [INFO] [1762136716.798756327] [cartographer logger]: I1102 20:25:16.000000 50607 constraint_builder_2d.cc:275] Node (0, 224) with 206 points on submap (0, 0) differs by translation 0.00 rotation 0.000 with score 75.9%.
[cartographer_node-3] [INFO] [1762136716.940018352] [cartographer logger]: I1102 20:25:16.000000 50607 constraint_builder_2d.cc:275] Node (0, 226) with 203 points on submap (0, 0) differs by translation 0.00 rotation 0.000 with score 74.4%.
[cartographer_node-3] [INFO] [1762136717.047409531] [cartographer logger]: I1102 20:25:17.000000 50607 constraint_builder_2d.cc:275] Node (0, 228) with 208 points on submap (0, 0) differs by translation 0.00 rotation 0.001 with score 77.2%.
[cartographer_node-3] [INFO] [1762136717.113723479] [cartographer logger]: I1102 20:25:17.000000 50609 pose_graph_2d.cc:538] Remaining work items in queue: 0
[cartographer_node-3] [INFO] [1762136717.113883421] [cartographer logger]: I1102 20:25:17.000000 50609 constraint_builder_2d.cc:290] 23 computations resulted in 23 additional constraints.
[cartographer_node-3] [INFO] [1762136717.113988354] [cartographer logger]: I1102 20:25:17.000000 50609 constraint_builder_2d.cc:292] Score histogram:
[cartographer_node-3] Count: 25  Min: 0.744018  Max: 0.8244  Mean: 0.774928
[cartographer_node-3] [0.744018, 0.752056)	                  ##	Count: 2 (8%)	Total: 2 (8%)
[cartographer_node-3] [0.752056, 0.760094)	               #####	Count: 6 (24%)	Total: 8 (32%)
[cartographer_node-3] [0.760094, 0.768133)	                 ###	Count: 4 (16%)	Total: 12 (48%)
[cartographer_node-3] [0.768133, 0.776171)	                 ###	Count: 4 (16%)	Total: 16 (64%)
[cartographer_node-3] [0.776171, 0.784209)	                   #	Count: 1 (4%)	Total: 17 (68%)
[cartographer_node-3] [0.784209, 0.792247)	                  ##	Count: 3 (12%)	Total: 20 (80%)
[cartographer_node-3] [0.792247, 0.800285)	                  ##	Count: 2 (8%)	Total: 22 (88%)
[cartographer_node-3] [0.800285, 0.808323)	                    	Count: 0 (0%)	Total: 22 (88%)
[cartographer_node-3] [0.808323, 0.816362)	                   #	Count: 1 (4%)	Total: 23 (92%)
[cartographer_node-3] [0.816362, 0.824400]	                  ##	Count: 2 (8%)	Total: 25 (100%)
[cartographer_node-3] [INFO] [1762136717.265273425] [cartographer logger]: I1102 20:25:17.000000 50607 constraint_builder_2d.cc:275] Node (0, 230) with 201 points on submap (0, 0) differs by translation 0.00 rotation 0.002 with score 71.3%.
[cartographer_node-3] [INFO] [1762136717.407535777] [cartographer logger]: I1102 20:25:17.000000 50608 constraint_builder_2d.cc:275] Node (0, 232) with 205 points on submap (0, 0) differs by translation 0.00 rotation 0.001 with score 76.9%.
[cartographer_node-3] [INFO] [1762136717.540418691] [cartographer logger]: I1102 20:25:17.000000 50608 constraint_builder_2d.cc:275] Node (0, 234) with 200 points on submap (0, 0) differs by translation 0.00 rotation 0.001 with score 76.1%.
[usb_lidar_node-1] [INFO] [1762136717.650162609] [usb_tim_publisher]: Publishing scan: 811 points, 0.333° increment | subs=8
[cartographer_node-3] [INFO] [1762136717.713417131] [cartographer logger]: I1102 20:25:17.000000 50608 constraint_builder_2d.cc:275] Node (0, 236) with 212 points on submap (0, 0) differs by translation 0.00 rotation 0.001 with score 74.4%.
[cartographer_node-3] [INFO] [1762136717.834288976] [cartographer logger]: I1102 20:25:17.000000 50608 constraint_builder_2d.cc:275] Node (0, 238) with 208 points on submap (0, 0) differs by translation 0.00 rotation 0.000 with score 72.5%.
[cartographer_node-3] [INFO] [1762136717.946472037] [cartographer logger]: I1102 20:25:17.000000 50609 constraint_builder_2d.cc:275] Node (0, 240) with 200 points on submap (0, 0) differs by translation 0.00 rotation 0.001 with score 69.3%.
[cartographer_node-3] [INFO] [1762136718.056291060] [cartographer logger]: I1102 20:25:18.000000 50609 constraint_builder_2d.cc:275] Node (0, 242) with 204 points on submap (0, 0) differs by translation 0.00 rotation 0.000 with score 72.2%.
[cartographer_node-3] [INFO] [1762136718.221268292] [cartographer logger]: I1102 20:25:18.000000 50609 constraint_builder_2d.cc:275] Node (0, 244) with 203 points on submap (0, 0) differs by translation 0.01 rotation 0.000 with score 71.0%.
[cartographer_node-3] [INFO] [1762136718.346722697] [cartographer logger]: I1102 20:25:18.000000 50606 constraint_builder_2d.cc:275] Node (0, 246) with 200 points on submap (0, 0) differs by translation 0.01 rotation 0.000 with score 69.4%.
[cartographer_node-3] [INFO] [1762136718.474360970] [cartographer logger]: I1102 20:25:18.000000 50606 constraint_builder_2d.cc:275] Node (0, 248) with 210 points on submap (0, 0) differs by translation 0.00 rotation 0.000 with score 72.5%.
[cartographer_node-3] [INFO] [1762136718.631282565] [cartographer logger]: I1102 20:25:18.000000 50606 constraint_builder_2d.cc:275] Node (0, 250) with 202 points on submap (0, 0) differs by translation 0.01 rotation 0.001 with score 69.6%.
[cartographer_node-3] [INFO] [1762136718.753371611] [cartographer logger]: I1102 20:25:18.000000 50609 constraint_builder_2d.cc:275] Node (0, 252) with 204 points on submap (0, 0) differs by translation 0.01 rotation 0.001 with score 66.8%.
[cartographer_node-3] [INFO] [1762136718.862870940] [cartographer logger]: I1102 20:25:18.000000 50609 constraint_builder_2d.cc:275] Node (0, 254) with 213 points on submap (0, 0) differs by translation 0.01 rotation 0.000 with score 67.8%.
[cartographer_node-3] [INFO] [1762136719.021061995] [cartographer logger]: I1102 20:25:19.000000 50609 constraint_builder_2d.cc:275] Node (0, 256) with 217 points on submap (0, 0) differs by translation 0.01 rotation 0.001 with score 65.3%.
[cartographer_node-3] [INFO] [1762136719.167783859] [cartographer logger]: I1102 20:25:19.000000 50607 constraint_builder_2d.cc:275] Node (0, 258) with 219 points on submap (0, 0) differs by translation 0.01 rotation 0.001 with score 63.6%.
[cartographer_node-3] [INFO] [1762136719.287297113] [cartographer logger]: I1102 20:25:19.000000 50609 constraint_builder_2d.cc:275] Node (0, 260) with 207 points on submap (0, 0) differs by translation 0.01 rotation 0.001 with score 65.1%.
[cartographer_node-3] [INFO] [1762136719.407707878] [cartographer logger]: I1102 20:25:19.000000 50609 constraint_builder_2d.cc:275] Node (0, 262) with 200 points on submap (0, 0) differs by translation 0.01 rotation 0.002 with score 65.0%.
[cartographer_node-3] [INFO] [1762136719.550197722] [cartographer logger]: I1102 20:25:19.000000 50609 constraint_builder_2d.cc:275] Node (0, 264) with 202 points on submap (0, 0) differs by translation 0.01 rotation 0.003 with score 62.3%.
[cartographer_node-3] [INFO] [1762136719.670411102] [cartographer logger]: I1102 20:25:19.000000 50609 constraint_builder_2d.cc:275] Node (0, 266) with 201 points on submap (0, 0) differs by translation 0.01 rotation 0.005 with score 61.6%.
[usb_lidar_node-1] [INFO] [1762136719.693243749] [usb_tim_publisher]: Publishing scan: 811 points, 0.333° increment | subs=8
[cartographer_node-3] [INFO] [1762136719.842509720] [cartographer logger]: I1102 20:25:19.000000 50609 constraint_builder_2d.cc:275] Node (0, 268) with 200 points on submap (0, 0) differs by translation 0.01 rotation 0.002 with score 65.4%.
[cartographer_node-3] [INFO] [1762136719.921822872] [cartographer logger]: I1102 20:25:19.000000 50560 pose_graph_2d.cc:148] Inserted submap (0, 3).
[cartographer_node-3] [INFO] [1762136719.945753038] [cartographer logger]: I1102 20:25:19.000000 50606 constraint_builder_2d.cc:275] Node (0, 0) with 204 points on submap (0, 1) differs by translation 0.01 rotation 0.001 with score 76.6%.
[cartographer_node-3] [INFO] [1762136719.968532467] [cartographer logger]: I1102 20:25:19.000000 50607 constraint_builder_2d.cc:275] Node (0, 68) with 213 points on submap (0, 1) differs by translation 0.00 rotation 0.003 with score 71.3%.
[cartographer_node-3] [INFO] [1762136719.972806920] [cartographer logger]: I1102 20:25:19.000000 50609 constraint_builder_2d.cc:275] Node (0, 6) with 202 points on submap (0, 1) differs by translation 0.01 rotation 0.002 with score 77.6%.
[cartographer_node-3] [INFO] [1762136719.993845027] [cartographer logger]: I1102 20:25:19.000000 50608 constraint_builder_2d.cc:275] Node (0, 2) with 201 points on submap (0, 1) differs by translation 0.01 rotation 0.001 with score 79.3%.
[cartographer_node-3] [INFO] [1762136720.000900110] [cartographer logger]: I1102 20:25:20.000000 50606 constraint_builder_2d.cc:275] Node (0, 70) with 206 points on submap (0, 1) differs by translation 0.01 rotation 0.001 with score 73.8%.
[cartographer_node-3] [INFO] [1762136720.032671119] [cartographer logger]: I1102 20:25:20.000000 50606 constraint_builder_2d.cc:275] Node (0, 78) with 200 points on submap (0, 1) differs by translation 0.00 rotation 0.001 with score 71.2%.
[cartographer_node-3] [INFO] [1762136720.040617951] [cartographer logger]: I1102 20:25:20.000000 50608 constraint_builder_2d.cc:275] Node (0, 76) with 206 points on submap (0, 1) differs by translation 0.01 rotation 0.003 with score 73.9%.
[cartographer_node-3] [INFO] [1762136720.080099047] [cartographer logger]: I1102 20:25:20.000000 50609 constraint_builder_2d.cc:275] Node (0, 74) with 211 points on submap (0, 1) differs by translation 0.01 rotation 0.001 with score 72.5%.
[cartographer_node-3] [INFO] [1762136720.130947184] [cartographer logger]: I1102 20:25:20.000000 50608 constraint_builder_2d.cc:275] Node (0, 82) with 215 points on submap (0, 1) differs by translation 0.00 rotation 0.003 with score 70.5%.
[cartographer_node-3] [INFO] [1762136720.144862013] [cartographer logger]: I1102 20:25:20.000000 50607 constraint_builder_2d.cc:275] Node (0, 72) with 207 points on submap (0, 1) differs by translation 0.00 rotation 0.003 with score 72.8%.
[cartographer_node-3] [INFO] [1762136720.167842154] [cartographer logger]: I1102 20:25:20.000000 50608 constraint_builder_2d.cc:275] Node (0, 86) with 205 points on submap (0, 1) differs by translation 0.00 rotation 0.002 with score 68.6%.
[cartographer_node-3] [INFO] [1762136720.170226095] [cartographer logger]: I1102 20:25:20.000000 50607 constraint_builder_2d.cc:275] Node (0, 88) with 213 points on submap (0, 1) differs by translation 0.01 rotation 0.002 with score 72.3%.
[cartographer_node-3] [INFO] [1762136720.171076979] [cartographer logger]: I1102 20:25:20.000000 50606 constraint_builder_2d.cc:275] Node (0, 80) with 206 points on submap (0, 1) differs by translation 0.01 rotation 0.001 with score 70.2%.
[cartographer_node-3] [INFO] [1762136720.201198382] [cartographer logger]: I1102 20:25:20.000000 50607 constraint_builder_2d.cc:275] Node (0, 22) with 202 points on submap (0, 1) differs by translation 0.00 rotation 0.004 with score 74.4%.
[cartographer_node-3] [INFO] [1762136720.212391560] [cartographer logger]: I1102 20:25:20.000000 50606 constraint_builder_2d.cc:275] Node (0, 24) with 212 points on submap (0, 1) differs by translation 0.01 rotation 0.003 with score 72.5%.
[cartographer_node-3] [INFO] [1762136720.239642474] [cartographer logger]: I1102 20:25:20.000000 50608 constraint_builder_2d.cc:275] Node (0, 20) with 203 points on submap (0, 1) differs by translation 0.00 rotation 0.003 with score 74.1%.
[cartographer_node-3] [INFO] [1762136720.248207093] [cartographer logger]: I1102 20:25:20.000000 50606 constraint_builder_2d.cc:275] Node (0, 28) with 204 points on submap (0, 1) differs by translation 0.01 rotation 0.002 with score 73.3%.
[cartographer_node-3] [INFO] [1762136720.275301232] [cartographer logger]: I1102 20:25:20.000000 50609 constraint_builder_2d.cc:275] Node (0, 84) with 200 points on submap (0, 1) differs by translation 0.01 rotation 0.001 with score 68.5%.
[cartographer_node-3] [INFO] [1762136720.285874575] [cartographer logger]: I1102 20:25:20.000000 50607 constraint_builder_2d.cc:275] Node (0, 26) with 212 points on submap (0, 1) differs by translation 0.00 rotation 0.002 with score 75.4%.
[cartographer_node-3] [INFO] [1762136720.293570773] [cartographer logger]: I1102 20:25:20.000000 50608 constraint_builder_2d.cc:275] Node (0, 30) with 206 points on submap (0, 1) differs by translation 0.01 rotation 0.004 with score 70.8%.
[cartographer_node-3] [INFO] [1762136720.304317116] [cartographer logger]: I1102 20:25:20.000000 50606 constraint_builder_2d.cc:275] Node (0, 32) with 207 points on submap (0, 1) differs by translation 0.01 rotation 0.002 with score 73.5%.
[cartographer_node-3] [INFO] [1762136720.314497963] [cartographer logger]: I1102 20:25:20.000000 50609 constraint_builder_2d.cc:275] Node (0, 34) with 211 points on submap (0, 1) differs by translation 0.01 rotation 0.003 with score 70.9%.
[cartographer_node-3] [INFO] [1762136720.328773160] [cartographer logger]: I1102 20:25:20.000000 50607 constraint_builder_2d.cc:275] Node (0, 36) with 204 points on submap (0, 1) differs by translation 0.00 rotation 0.002 with score 73.9%.
[cartographer_node-3] [INFO] [1762136720.360732081] [cartographer logger]: I1102 20:25:20.000000 50609 constraint_builder_2d.cc:275] Node (0, 42) with 215 points on submap (0, 1) differs by translation 0.01 rotation 0.002 with score 75.5%.
[cartographer_node-3] [INFO] [1762136720.401802076] [cartographer logger]: I1102 20:25:20.000000 50609 constraint_builder_2d.cc:275] Node (0, 46) with 202 points on submap (0, 1) differs by translation 0.00 rotation 0.002 with score 74.0%.
[cartographer_node-3] [INFO] [1762136720.415488031] [cartographer logger]: I1102 20:25:20.000000 50606 constraint_builder_2d.cc:275] Node (0, 40) with 203 points on submap (0, 1) differs by translation 0.00 rotation 0.004 with score 70.7%.
[cartographer_node-3] [INFO] [1762136720.423847521] [cartographer logger]: I1102 20:25:20.000000 50607 constraint_builder_2d.cc:275] Node (0, 44) with 207 points on submap (0, 1) differs by translation 0.00 rotation 0.004 with score 70.1%.
[cartographer_node-3] [INFO] [1762136720.448252234] [cartographer logger]: I1102 20:25:20.000000 50609 constraint_builder_2d.cc:275] Node (0, 48) with 201 points on submap (0, 1) differs by translation 0.00 rotation 0.003 with score 74.1%.
[cartographer_node-3] [INFO] [1762136720.461307219] [cartographer logger]: I1102 20:25:20.000000 50608 constraint_builder_2d.cc:275] Node (0, 38) with 203 points on submap (0, 1) differs by translation 0.00 rotation 0.002 with score 73.9%.
[cartographer_node-3] [INFO] [1762136720.467739780] [cartographer logger]: I1102 20:25:20.000000 50606 constraint_builder_2d.cc:275] Node (0, 50) with 207 points on submap (0, 1) differs by translation 0.00 rotation 0.002 with score 73.5%.
[cartographer_node-3] [INFO] [1762136720.486302901] [cartographer logger]: I1102 20:25:20.000000 50607 constraint_builder_2d.cc:275] Node (0, 52) with 203 points on submap (0, 1) differs by translation 0.00 rotation 0.004 with score 72.5%.
[cartographer_node-3] [INFO] [1762136720.503813403] [cartographer logger]: I1102 20:25:20.000000 50608 constraint_builder_2d.cc:275] Node (0, 56) with 204 points on submap (0, 1) differs by translation 0.00 rotation 0.003 with score 73.0%.
[cartographer_node-3] [INFO] [1762136720.508648936] [cartographer logger]: I1102 20:25:20.000000 50609 constraint_builder_2d.cc:275] Node (0, 54) with 202 points on submap (0, 1) differs by translation 0.00 rotation 0.003 with score 70.7%.
[cartographer_node-3] [INFO] [1762136720.513764608] [cartographer logger]: I1102 20:25:20.000000 50607 constraint_builder_2d.cc:275] Node (0, 60) with 206 points on submap (0, 1) differs by translation 0.00 rotation 0.004 with score 70.3%.
[cartographer_node-3] [INFO] [1762136720.516505044] [cartographer logger]: I1102 20:25:20.000000 50606 constraint_builder_2d.cc:275] Node (0, 58) with 205 points on submap (0, 1) differs by translation 0.00 rotation 0.003 with score 71.9%.
[cartographer_node-3] [INFO] [1762136720.537691861] [cartographer logger]: I1102 20:25:20.000000 50608 constraint_builder_2d.cc:275] Node (0, 62) with 207 points on submap (0, 1) differs by translation 0.01 rotation 0.001 with score 71.2%.
[cartographer_node-3] [INFO] [1762136720.582426651] [cartographer logger]: I1102 20:25:20.000000 50606 constraint_builder_2d.cc:275] Node (0, 8) with 200 points on submap (0, 1) differs by translation 0.00 rotation 0.003 with score 76.3%.
[cartographer_node-3] [INFO] [1762136720.597667361] [cartographer logger]: I1102 20:25:20.000000 50607 constraint_builder_2d.cc:275] Node (0, 66) with 207 points on submap (0, 1) differs by translation 0.00 rotation 0.002 with score 72.4%.
[cartographer_node-3] [INFO] [1762136720.603551418] [cartographer logger]: I1102 20:25:20.000000 50609 constraint_builder_2d.cc:275] Node (0, 64) with 202 points on submap (0, 1) differs by translation 0.00 rotation 0.004 with score 68.6%.
[cartographer_node-3] [INFO] [1762136720.627063965] [cartographer logger]: I1102 20:25:20.000000 50608 constraint_builder_2d.cc:275] Node (0, 10) with 210 points on submap (0, 1) differs by translation 0.00 rotation 0.004 with score 75.0%.
[cartographer_node-3] [INFO] [1762136720.659619200] [cartographer logger]: I1102 20:25:20.000000 50606 constraint_builder_2d.cc:275] Node (0, 12) with 212 points on submap (0, 1) differs by translation 0.00 rotation 0.004 with score 74.1%.
[cartographer_node-3] [INFO] [1762136720.673124475] [cartographer logger]: I1102 20:25:20.000000 50609 constraint_builder_2d.cc:275] Node (0, 16) with 207 points on submap (0, 1) differs by translation 0.00 rotation 0.004 with score 77.1%.
[cartographer_node-3] [INFO] [1762136720.678405627] [cartographer logger]: I1102 20:25:20.000000 50609 pose_graph_2d.cc:538] Remaining work items in queue: 6
[cartographer_node-3] [INFO] [1762136720.694823698] [cartographer logger]: I1102 20:25:20.000000 50606 constraint_builder_2d.cc:275] Node (0, 4) with 200 points on submap (0, 1) differs by translation 0.00 rotation 0.001 with score 78.9%.
[cartographer_node-3] [INFO] [1762136720.703027886] [cartographer logger]: I1102 20:25:20.000000 50607 constraint_builder_2d.cc:275] Node (0, 14) with 212 points on submap (0, 1) differs by translation 0.00 rotation 0.005 with score 74.4%.
[cartographer_node-3] [INFO] [1762136720.715186192] [cartographer logger]: I1102 20:25:20.000000 50608 constraint_builder_2d.cc:275] Node (0, 18) with 209 points on submap (0, 1) differs by translation 0.00 rotation 0.004 with score 76.1%.
[cartographer_node-3] [INFO] [1762136720.776107108] [cartographer logger]: I1102 20:25:20.000000 50609 constraint_builder_2d.cc:275] Node (0, 270) with 205 points on submap (0, 0) differs by translation 0.02 rotation 0.001 with score 65.3%.
[cartographer_node-3] [INFO] [1762136720.783275667] [cartographer logger]: I1102 20:25:20.000000 50608 constraint_builder_2d.cc:275] Node (0, 272) with 205 points on submap (0, 1) differs by translation 0.00 rotation 0.000 with score 72.6%.
[cartographer_node-3] [INFO] [1762136720.783578720] [cartographer logger]: I1102 20:25:20.000000 50606 constraint_builder_2d.cc:275] Node (0, 270) with 205 points on submap (0, 1) differs by translation 0.00 rotation 0.000 with score 74.5%.
[cartographer_node-3] [INFO] [1762136720.829313232] [cartographer logger]: I1102 20:25:20.000000 50607 constraint_builder_2d.cc:275] Node (0, 272) with 205 points on submap (0, 0) differs by translation 0.01 rotation 0.004 with score 64.2%.
[cartographer_node-3] [INFO] [1762136720.841348238] [cartographer logger]: I1102 20:25:20.000000 50609 constraint_builder_2d.cc:275] Node (0, 274) with 204 points on submap (0, 0) differs by translation 0.02 rotation 0.003 with score 64.7%.
[cartographer_node-3] [INFO] [1762136720.900248236] [cartographer logger]: I1102 20:25:20.000000 50608 constraint_builder_2d.cc:275] Node (0, 274) with 204 points on submap (0, 1) differs by translation 0.01 rotation 0.000 with score 77.2%.
[cartographer_node-3] [INFO] [1762136720.900460309] [cartographer logger]: I1102 20:25:20.000000 50608 constraint_builder_2d.cc:290] 71 computations resulted in 71 additional constraints.
[cartographer_node-3] [INFO] [1762136720.900548280] [cartographer logger]: I1102 20:25:20.000000 50608 constraint_builder_2d.cc:292] Score histogram:
[cartographer_node-3] Count: 96  Min: 0.615556  Max: 0.8244  Mean: 0.731874
[cartographer_node-3] [0.615556, 0.636440)	                   #	Count: 3 (3.125%)	Total: 3 (3.125%)
[cartographer_node-3] [0.636440, 0.657324)	                   #	Count: 7 (7.29167%)	Total: 10 (10.4167%)
[cartographer_node-3] [0.657324, 0.678209)	                    	Count: 2 (2.08333%)	Total: 12 (12.5%)
[cartographer_node-3] [0.678209, 0.699093)	                   #	Count: 6 (6.25%)	Total: 18 (18.75%)
[cartographer_node-3] [0.699093, 0.719978)	                 ###	Count: 14 (14.5833%)	Total: 32 (33.3333%)
[cartographer_node-3] [0.719978, 0.740862)	                ####	Count: 20 (20.8333%)	Total: 52 (54.1667%)
[cartographer_node-3] [0.740862, 0.761747)	                ####	Count: 21 (21.875%)	Total: 73 (76.0417%)
[cartographer_node-3] [0.761747, 0.782631)	                 ###	Count: 13 (13.5417%)	Total: 86 (89.5833%)
[cartographer_node-3] [0.782631, 0.803515)	                   #	Count: 7 (7.29167%)	Total: 93 (96.875%)
[cartographer_node-3] [0.803515, 0.824400]	                   #	Count: 3 (3.125%)	Total: 96 (100%)
[cartographer_node-3] [INFO] [1762136721.062151345] [cartographer logger]: I1102 20:25:21.000000 50608 constraint_builder_2d.cc:275] Node (0, 276) with 211 points on submap (0, 0) differs by translation 0.01 rotation 0.005 with score 65.8%.
[cartographer_node-3] [INFO] [1762136721.070187846] [cartographer logger]: I1102 20:25:21.000000 50606 constraint_builder_2d.cc:275] Node (0, 276) with 211 points on submap (0, 1) differs by translation 0.01 rotation 0.005 with score 76.8%.
[cartographer_node-3] [INFO] [1762136721.073945253] [cartographer logger]: I1102 20:25:21.000000 50607 constraint_builder_2d.cc:275] Node (0, 278) with 202 points on submap (0, 1) differs by translation 0.01 rotation 0.002 with score 78.9%.
[cartographer_node-3] [INFO] [1762136721.080370036] [cartographer logger]: I1102 20:25:21.000000 50609 constraint_builder_2d.cc:275] Node (0, 278) with 202 points on submap (0, 0) differs by translation 0.01 rotation 0.006 with score 69.1%.
[cartographer_node-3] [INFO] [1762136721.121102928] [cartographer logger]: I1102 20:25:21.000000 50606 constraint_builder_2d.cc:275] Node (0, 280) with 201 points on submap (0, 1) differs by translation 0.01 rotation 0.003 with score 78.3%.
[cartographer_node-3] [INFO] [1762136721.125057592] [cartographer logger]: I1102 20:25:21.000000 50607 constraint_builder_2d.cc:275] Node (0, 282) with 202 points on submap (0, 0) differs by translation 0.02 rotation 0.007 with score 70.7%.
[cartographer_node-3] [INFO] [1762136721.140038258] [cartographer logger]: I1102 20:25:21.000000 50609 constraint_builder_2d.cc:275] Node (0, 282) with 202 points on submap (0, 1) differs by translation 0.00 rotation 0.004 with score 80.8%.
[cartographer_node-3] [INFO] [1762136721.150266594] [cartographer logger]: I1102 20:25:21.000000 50608 constraint_builder_2d.cc:275] Node (0, 280) with 201 points on submap (0, 0) differs by translation 0.01 rotation 0.005 with score 68.2%.
[cartographer_node-3] [INFO] [1762136721.190434054] [cartographer logger]: I1102 20:25:21.000000 50608 constraint_builder_2d.cc:275] Node (0, 286) with 213 points on submap (0, 1) differs by translation 0.01 rotation 0.004 with score 78.1%.
[cartographer_node-3] [INFO] [1762136721.221600877] [cartographer logger]: I1102 20:25:21.000000 50606 constraint_builder_2d.cc:275] Node (0, 284) with 203 points on submap (0, 0) differs by translation 0.01 rotation 0.005 with score 70.5%.
[cartographer_node-3] [INFO] [1762136721.227935417] [cartographer logger]: I1102 20:25:21.000000 50607 constraint_builder_2d.cc:275] Node (0, 284) with 203 points on submap (0, 1) differs by translation 0.01 rotation 0.002 with score 80.2%.
[cartographer_node-3] [INFO] [1762136721.266462904] [cartographer logger]: I1102 20:25:21.000000 50606 constraint_builder_2d.cc:275] Node (0, 288) with 206 points on submap (0, 1) differs by translation 0.01 rotation 0.004 with score 77.8%.
[cartographer_node-3] [INFO] [1762136721.266674497] [cartographer logger]: I1102 20:25:21.000000 50609 constraint_builder_2d.cc:275] Node (0, 286) with 213 points on submap (0, 0) differs by translation 0.02 rotation 0.008 with score 69.2%.
[cartographer_node-3] [INFO] [1762136721.269052101] [cartographer logger]: I1102 20:25:21.000000 50608 constraint_builder_2d.cc:275] Node (0, 288) with 206 points on submap (0, 0) differs by translation 0.02 rotation 0.007 with score 64.6%.
[cartographer_node-3] [INFO] [1762136721.308840697] [cartographer logger]: I1102 20:25:21.000000 50607 constraint_builder_2d.cc:275] Node (0, 290) with 205 points on submap (0, 0) differs by translation 0.02 rotation 0.007 with score 67.4%.
[cartographer_node-3] [INFO] [1762136721.314285856] [cartographer logger]: I1102 20:25:21.000000 50606 constraint_builder_2d.cc:275] Node (0, 290) with 205 points on submap (0, 1) differs by translation 0.01 rotation 0.005 with score 76.6%.
[cartographer_node-3] [INFO] [1762136721.406781386] [cartographer logger]: I1102 20:25:21.000000 50608 constraint_builder_2d.cc:275] Node (0, 292) with 200 points on submap (0, 1) differs by translation 0.00 rotation 0.003 with score 79.6%.
[cartographer_node-3] [INFO] [1762136721.439145284] [cartographer logger]: I1102 20:25:21.000000 50606 constraint_builder_2d.cc:275] Node (0, 292) with 200 points on submap (0, 0) differs by translation 0.02 rotation 0.007 with score 69.2%.
[cartographer_node-3] [INFO] [1762136721.541350089] [cartographer logger]: I1102 20:25:21.000000 50607 constraint_builder_2d.cc:275] Node (0, 294) with 207 points on submap (0, 1) differs by translation 0.01 rotation 0.005 with score 77.8%.
[cartographer_node-3] [INFO] [1762136721.580418014] [cartographer logger]: I1102 20:25:21.000000 50609 constraint_builder_2d.cc:275] Node (0, 294) with 207 points on submap (0, 0) differs by translation 0.02 rotation 0.006 with score 65.7%.
[cartographer_node-3] [INFO] [1762136721.674100795] [cartographer logger]: I1102 20:25:21.000000 50606 constraint_builder_2d.cc:275] Node (0, 296) with 201 points on submap (0, 0) differs by translation 0.02 rotation 0.007 with score 62.8%.
[cartographer_node-3] [INFO] [1762136721.679370138] [cartographer logger]: I1102 20:25:21.000000 50608 constraint_builder_2d.cc:275] Node (0, 296) with 201 points on submap (0, 1) differs by translation 0.00 rotation 0.003 with score 74.3%.
[usb_lidar_node-1] [INFO] [1762136721.695409408] [usb_tim_publisher]: Publishing scan: 811 points, 0.333° increment | subs=8
[cartographer_node-3] [INFO] [1762136721.802902277] [cartographer logger]: I1102 20:25:21.000000 50609 constraint_builder_2d.cc:275] Node (0, 298) with 204 points on submap (0, 1) differs by translation 0.01 rotation 0.005 with score 75.5%.
[cartographer_node-3] [INFO] [1762136721.830300973] [cartographer logger]: I1102 20:25:21.000000 50608 constraint_builder_2d.cc:275] Node (0, 298) with 204 points on submap (0, 0) differs by translation 0.02 rotation 0.007 with score 64.6%.
[cartographer_node-3] [INFO] [1762136721.959581356] [cartographer logger]: I1102 20:25:21.000000 50607 constraint_builder_2d.cc:275] Node (0, 300) with 212 points on submap (0, 1) differs by translation 0.01 rotation 0.005 with score 73.7%.
[cartographer_node-3] [INFO] [1762136721.961379320] [cartographer logger]: I1102 20:25:21.000000 50606 constraint_builder_2d.cc:275] Node (0, 300) with 212 points on submap (0, 0) differs by translation 0.02 rotation 0.009 with score 64.2%.
[cartographer_node-3] [INFO] [1762136722.093331718] [cartographer logger]: I1102 20:25:22.000000 50608 constraint_builder_2d.cc:275] Node (0, 302) with 211 points on submap (0, 1) differs by translation 0.01 rotation 0.004 with score 76.1%.
[cartographer_node-3] [INFO] [1762136722.108538570] [cartographer logger]: I1102 20:25:22.000000 50606 constraint_builder_2d.cc:275] Node (0, 302) with 211 points on submap (0, 0) differs by translation 0.02 rotation 0.008 with score 66.4%.
[cartographer_node-3] [INFO] [1762136722.230318025] [cartographer logger]: I1102 20:25:22.000000 50606 constraint_builder_2d.cc:275] Node (0, 304) with 201 points on submap (0, 0) differs by translation 0.03 rotation 0.010 with score 61.7%.
[cartographer_node-3] [INFO] [1762136722.245094842] [cartographer logger]: I1102 20:25:22.000000 50609 constraint_builder_2d.cc:275] Node (0, 304) with 201 points on submap (0, 1) differs by translation 0.01 rotation 0.008 with score 71.3%.
[cartographer_node-3] [INFO] [1762136722.343258706] [cartographer logger]: I1102 20:25:22.000000 50606 constraint_builder_2d.cc:275] Node (0, 306) with 201 points on submap (0, 1) differs by translation 0.01 rotation 0.004 with score 71.9%.
[cartographer_node-3] [INFO] [1762136722.371658659] [cartographer logger]: I1102 20:25:22.000000 50607 constraint_builder_2d.cc:275] Node (0, 306) with 201 points on submap (0, 0) differs by translation 0.03 rotation 0.010 with score 62.7%.
[cartographer_node-3] [INFO] [1762136722.474792238] [cartographer logger]: I1102 20:25:22.000000 50607 constraint_builder_2d.cc:275] Node (0, 308) with 203 points on submap (0, 0) differs by translation 0.03 rotation 0.010 with score 62.0%.
[cartographer_node-3] [INFO] [1762136722.482830754] [cartographer logger]: I1102 20:25:22.000000 50609 constraint_builder_2d.cc:275] Node (0, 308) with 203 points on submap (0, 1) differs by translation 0.01 rotation 0.008 with score 69.5%.
[cartographer_node-3] [INFO] [1762136722.684076802] [cartographer logger]: I1102 20:25:22.000000 50608 constraint_builder_2d.cc:275] Node (0, 310) with 213 points on submap (0, 1) differs by translation 0.02 rotation 0.007 with score 72.4%.
[cartographer_node-3] [INFO] [1762136722.686396580] [cartographer logger]: I1102 20:25:22.000000 50609 constraint_builder_2d.cc:275] Node (0, 310) with 213 points on submap (0, 0) differs by translation 0.03 rotation 0.010 with score 63.7%.
[cartographer_node-3] [INFO] [1762136722.864510002] [cartographer logger]: I1102 20:25:22.000000 50606 constraint_builder_2d.cc:275] Node (0, 312) with 213 points on submap (0, 1) differs by translation 0.01 rotation 0.006 with score 70.9%.
[cartographer_node-3] [INFO] [1762136722.913784950] [cartographer logger]: I1102 20:25:22.000000 50609 constraint_builder_2d.cc:275] Node (0, 312) with 213 points on submap (0, 0) differs by translation 0.03 rotation 0.012 with score 62.8%.
[cartographer_node-3] [INFO] [1762136723.470219741] [cartographer logger]: I1102 20:25:23.000000 50607 constraint_builder_2d.cc:275] Node (0, 314) with 206 points on submap (0, 1) differs by translation 0.01 rotation 0.006 with score 75.5%.
[cartographer_node-3] [INFO] [1762136723.489547726] [cartographer logger]: I1102 20:25:23.000000 50609 constraint_builder_2d.cc:275] Node (0, 314) with 206 points on submap (0, 0) differs by translation 0.03 rotation 0.010 with score 65.5%.
[cartographer_node-3] [INFO] [1762136723.623535631] [cartographer logger]: I1102 20:25:23.000000 50608 constraint_builder_2d.cc:275] Node (0, 316) with 202 points on submap (0, 0) differs by translation 0.02 rotation 0.008 with score 68.7%.
[cartographer_node-3] [INFO] [1762136723.628264343] [cartographer logger]: I1102 20:25:23.000000 50609 constraint_builder_2d.cc:275] Node (0, 316) with 202 points on submap (0, 1) differs by translation 0.01 rotation 0.006 with score 73.6%.
[usb_lidar_node-1] [INFO] [1762136723.744786165] [usb_tim_publisher]: Publishing scan: 811 points, 0.333° increment | subs=8
[cartographer_node-3] [INFO] [1762136723.783053991] [cartographer logger]: I1102 20:25:23.000000 50606 constraint_builder_2d.cc:275] Node (0, 318) with 203 points on submap (0, 0) differs by translation 0.02 rotation 0.007 with score 69.6%.
[cartographer_node-3] [INFO] [1762136723.783888427] [cartographer logger]: I1102 20:25:23.000000 50608 constraint_builder_2d.cc:275] Node (0, 318) with 203 points on submap (0, 1) differs by translation 0.01 rotation 0.004 with score 72.0%.
[cartographer_node-3] [INFO] [1762136723.880019915] [cartographer logger]: I1102 20:25:23.000000 50609 constraint_builder_2d.cc:275] Node (0, 320) with 204 points on submap (0, 1) differs by translation 0.01 rotation 0.005 with score 70.0%.
[cartographer_node-3] [INFO] [1762136723.894494991] [cartographer logger]: I1102 20:25:23.000000 50606 constraint_builder_2d.cc:275] Node (0, 320) with 204 points on submap (0, 0) differs by translation 0.03 rotation 0.008 with score 65.3%.
[cartographer_node-3] [INFO] [1762136723.912557226] [cartographer logger]: I1102 20:25:23.000000 50608 pose_graph_2d.cc:538] Remaining work items in queue: 0
[cartographer_node-3] [INFO] [1762136723.912742674] [cartographer logger]: I1102 20:25:23.000000 50608 constraint_builder_2d.cc:290] 46 computations resulted in 46 additional constraints.
[cartographer_node-3] [INFO] [1762136723.912832054] [cartographer logger]: I1102 20:25:23.000000 50608 constraint_builder_2d.cc:292] Score histogram:
[cartographer_node-3] Count: 142  Min: 0.615556  Max: 0.8244  Mean: 0.723791
[cartographer_node-3] [0.615556, 0.636440)	                   #	Count: 8 (5.6338%)	Total: 8 (5.6338%)
[cartographer_node-3] [0.636440, 0.657324)	                  ##	Count: 14 (9.85915%)	Total: 22 (15.493%)
[cartographer_node-3] [0.657324, 0.678209)	                   #	Count: 5 (3.52113%)	Total: 27 (19.0141%)
[cartographer_node-3] [0.678209, 0.699093)	                  ##	Count: 13 (9.15493%)	Total: 40 (28.169%)
[cartographer_node-3] [0.699093, 0.719978)	                 ###	Count: 21 (14.7887%)	Total: 61 (42.9577%)
[cartographer_node-3] [0.719978, 0.740862)	                 ###	Count: 23 (16.1972%)	Total: 84 (59.1549%)
[cartographer_node-3] [0.740862, 0.761747)	                ####	Count: 25 (17.6056%)	Total: 109 (76.7606%)
[cartographer_node-3] [0.761747, 0.782631)	                 ###	Count: 18 (12.6761%)	Total: 127 (89.4366%)
[cartographer_node-3] [0.782631, 0.803515)	                  ##	Count: 11 (7.74648%)	Total: 138 (97.1831%)
[cartographer_node-3] [0.803515, 0.824400]	                   #	Count: 4 (2.8169%)	Total: 142 (100%)
[cartographer_node-3] [INFO] [1762136724.020448155] [cartographer logger]: I1102 20:25:24.000000 50606 constraint_builder_2d.cc:275] Node (0, 322) with 208 points on submap (0, 1) differs by translation 0.01 rotation 0.005 with score 75.4%.
[cartographer_node-3] [INFO] [1762136724.041696701] [cartographer logger]: I1102 20:25:24.000000 50608 constraint_builder_2d.cc:275] Node (0, 322) with 208 points on submap (0, 0) differs by translation 0.02 rotation 0.005 with score 72.7%.
[cartographer_node-3] [INFO] [1762136724.147322253] [cartographer logger]: I1102 20:25:24.000000 50606 constraint_builder_2d.cc:275] Node (0, 324) with 210 points on submap (0, 1) differs by translation 0.00 rotation 0.002 with score 77.2%.
[cartographer_node-3] [INFO] [1762136724.174435527] [cartographer logger]: I1102 20:25:24.000000 50609 constraint_builder_2d.cc:275] Node (0, 324) with 210 points on submap (0, 0) differs by translation 0.01 rotation 0.002 with score 74.1%.
[cartographer_node-3] [INFO] [1762136724.254495262] [cartographer logger]: I1102 20:25:24.000000 50608 constraint_builder_2d.cc:275] Node (0, 326) with 210 points on submap (0, 0) differs by translation 0.01 rotation 0.004 with score 72.9%.
[cartographer_node-3] [INFO] [1762136724.275194728] [cartographer logger]: I1102 20:25:24.000000 50607 constraint_builder_2d.cc:275] Node (0, 326) with 210 points on submap (0, 1) differs by translation 0.01 rotation 0.005 with score 73.0%.
[cartographer_node-3] [INFO] [1762136724.356689244] [cartographer logger]: I1102 20:25:24.000000 50560 collated_trajectory_builder.cc:81] scan rate: 20.00 Hz 5.00e-02 s +/- 2.10e-03 s (pulsed at 100.08% real time)
[cartographer_node-3] [INFO] [1762136724.419053992] [cartographer logger]: I1102 20:25:24.000000 50607 constraint_builder_2d.cc:275] Node (0, 328) with 208 points on submap (0, 0) differs by translation 0.01 rotation 0.001 with score 74.6%.
[cartographer_node-3] [INFO] [1762136724.427247074] [cartographer logger]: I1102 20:25:24.000000 50609 constraint_builder_2d.cc:275] Node (0, 328) with 208 points on submap (0, 1) differs by translation 0.00 rotation 0.002 with score 75.3%.
[cartographer_node-3] [INFO] [1762136724.532785038] [cartographer logger]: I1102 20:25:24.000000 50607 constraint_builder_2d.cc:275] Node (0, 330) with 205 points on submap (0, 0) differs by translation 0.01 rotation 0.002 with score 72.7%.
[cartographer_node-3] [INFO] [1762136724.536516555] [cartographer logger]: I1102 20:25:24.000000 50608 constraint_builder_2d.cc:275] Node (0, 330) with 205 points on submap (0, 1) differs by translation 0.01 rotation 0.002 with score 69.1%.
[cartographer_node-3] [INFO] [1762136724.654950936] [cartographer logger]: I1102 20:25:24.000000 50606 constraint_builder_2d.cc:275] Node (0, 332) with 208 points on submap (0, 1) differs by translation 0.01 rotation 0.000 with score 68.1%.
[cartographer_node-3] [INFO] [1762136724.659404212] [cartographer logger]: I1102 20:25:24.000000 50608 constraint_builder_2d.cc:275] Node (0, 332) with 208 points on submap (0, 0) differs by translation 0.01 rotation 0.002 with score 72.1%.
[cartographer_node-3] [INFO] [1762136724.818400979] [cartographer logger]: I1102 20:25:24.000000 50609 constraint_builder_2d.cc:275] Node (0, 334) with 210 points on submap (0, 1) differs by translation 0.01 rotation 0.001 with score 72.2%.
[cartographer_node-3] [INFO] [1762136724.825513664] [cartographer logger]: I1102 20:25:24.000000 50608 constraint_builder_2d.cc:275] Node (0, 334) with 210 points on submap (0, 0) differs by translation 0.01 rotation 0.002 with score 73.1%.
[cartographer_node-3] [INFO] [1762136724.935364546] [cartographer logger]: I1102 20:25:24.000000 50607 constraint_builder_2d.cc:275] Node (0, 336) with 206 points on submap (0, 1) differs by translation 0.00 rotation 0.003 with score 71.2%.
[cartographer_node-3] [INFO] [1762136724.937242673] [cartographer logger]: I1102 20:25:24.000000 50608 constraint_builder_2d.cc:275] Node (0, 336) with 206 points on submap (0, 0) differs by translation 0.00 rotation 0.001 with score 77.4%.
[cartographer_node-3] [INFO] [1762136725.060873784] [cartographer logger]: I1102 20:25:25.000000 50606 constraint_builder_2d.cc:275] Node (0, 338) with 203 points on submap (0, 1) differs by translation 0.01 rotation 0.001 with score 78.7%.
[cartographer_node-3] [INFO] [1762136725.085403364] [cartographer logger]: I1102 20:25:25.000000 50608 constraint_builder_2d.cc:275] Node (0, 338) with 203 points on submap (0, 0) differs by translation 0.01 rotation 0.001 with score 74.1%.
[cartographer_node-3] [INFO] [1762136725.190513564] [cartographer logger]: I1102 20:25:25.000000 50608 constraint_builder_2d.cc:275] Node (0, 340) with 208 points on submap (0, 0) differs by translation 0.00 rotation 0.001 with score 75.6%.
[cartographer_node-3] [INFO] [1762136725.211100833] [cartographer logger]: I1102 20:25:25.000000 50609 constraint_builder_2d.cc:275] Node (0, 340) with 208 points on submap (0, 1) differs by translation 0.01 rotation 0.003 with score 74.1%.
[cartographer_node-3] [INFO] [1762136725.335065845] [cartographer logger]: I1102 20:25:25.000000 50609 constraint_builder_2d.cc:275] Node (0, 342) with 202 points on submap (0, 0) differs by translation 0.00 rotation 0.000 with score 75.1%.
[cartographer_node-3] [INFO] [1762136725.336015518] [cartographer logger]: I1102 20:25:25.000000 50607 constraint_builder_2d.cc:275] Node (0, 342) with 202 points on submap (0, 1) differs by translation 0.00 rotation 0.003 with score 73.2%.
[cartographer_node-3] [INFO] [1762136725.444592808] [cartographer logger]: I1102 20:25:25.000000 50607 constraint_builder_2d.cc:275] Node (0, 344) with 203 points on submap (0, 1) differs by translation 0.00 rotation 0.003 with score 77.8%.
[cartographer_node-3] [INFO] [1762136725.496786468] [cartographer logger]: I1102 20:25:25.000000 50606 constraint_builder_2d.cc:275] Node (0, 344) with 203 points on submap (0, 0) differs by translation 0.01 rotation 0.000 with score 76.1%.
[cartographer_node-3] [INFO] [1762136725.594584295] [cartographer logger]: I1102 20:25:25.000000 50609 constraint_builder_2d.cc:275] Node (0, 346) with 200 points on submap (0, 1) differs by translation 0.00 rotation 0.004 with score 76.7%.
[cartographer_node-3] [INFO] [1762136725.601677906] [cartographer logger]: I1102 20:25:25.000000 50606 constraint_builder_2d.cc:275] Node (0, 346) with 200 points on submap (0, 0) differs by translation 0.01 rotation 0.001 with score 77.8%.
[cartographer_node-3] [INFO] [1762136725.736349739] [cartographer logger]: I1102 20:25:25.000000 50606 constraint_builder_2d.cc:275] Node (0, 348) with 203 points on submap (0, 1) differs by translation 0.00 rotation 0.004 with score 79.8%.
[cartographer_node-3] [INFO] [1762136725.736521010] [cartographer logger]: I1102 20:25:25.000000 50607 constraint_builder_2d.cc:275] Node (0, 348) with 203 points on submap (0, 0) differs by translation 0.01 rotation 0.001 with score 78.7%.
[usb_lidar_node-1] [INFO] [1762136725.794466849] [usb_tim_publisher]: Publishing scan: 811 points, 0.333° increment | subs=8
[cartographer_node-3] [INFO] [1762136725.900649990] [cartographer logger]: I1102 20:25:25.000000 50607 constraint_builder_2d.cc:275] Node (0, 350) with 204 points on submap (0, 1) differs by translation 0.00 rotation 0.002 with score 74.6%.
[cartographer_node-3] [INFO] [1762136725.903549473] [cartographer logger]: I1102 20:25:25.000000 50608 constraint_builder_2d.cc:275] Node (0, 350) with 204 points on submap (0, 0) differs by translation 0.00 rotation 0.000 with score 78.2%.
[cartographer_node-3] [INFO] [1762136726.007506311] [cartographer logger]: I1102 20:25:26.000000 50606 constraint_builder_2d.cc:275] Node (0, 352) with 207 points on submap (0, 1) differs by translation 0.00 rotation 0.004 with score 72.5%.
[cartographer_node-3] [INFO] [1762136726.027000446] [cartographer logger]: I1102 20:25:26.000000 50608 constraint_builder_2d.cc:275] Node (0, 352) with 207 points on submap (0, 0) differs by translation 0.00 rotation 0.000 with score 73.8%.
[cartographer_node-3] [INFO] [1762136726.153708324] [cartographer logger]: I1102 20:25:26.000000 50609 constraint_builder_2d.cc:275] Node (0, 354) with 212 points on submap (0, 1) differs by translation 0.00 rotation 0.005 with score 72.9%.
[cartographer_node-3] [INFO] [1762136726.154068435] [cartographer logger]: I1102 20:25:26.000000 50607 constraint_builder_2d.cc:275] Node (0, 354) with 212 points on submap (0, 0) differs by translation 0.01 rotation 0.001 with score 71.7%.
[cartographer_node-3] [INFO] [1762136726.345553639] [cartographer logger]: I1102 20:25:26.000000 50608 constraint_builder_2d.cc:275] Node (0, 356) with 200 points on submap (0, 1) differs by translation 0.00 rotation 0.003 with score 59.5%.
[cartographer_node-3] [INFO] [1762136726.357974739] [cartographer logger]: I1102 20:25:26.000000 50607 constraint_builder_2d.cc:275] Node (0, 356) with 200 points on submap (0, 0) differs by translation 0.00 rotation 0.002 with score 61.2%.
[cartographer_node-3] [INFO] [1762136726.486325534] [cartographer logger]: I1102 20:25:26.000000 50606 constraint_builder_2d.cc:275] Node (0, 358) with 200 points on submap (0, 1) differs by translation 0.01 rotation 0.004 with score 72.7%.
[cartographer_node-3] [INFO] [1762136726.490973314] [cartographer logger]: I1102 20:25:26.000000 50607 constraint_builder_2d.cc:275] Node (0, 358) with 200 points on submap (0, 0) differs by translation 0.01 rotation 0.001 with score 71.4%.
[cartographer_node-3] [INFO] [1762136726.586644073] [cartographer logger]: I1102 20:25:26.000000 50609 constraint_builder_2d.cc:275] Node (0, 4) with 200 points on submap (0, 2) differs by translation 0.00 rotation 0.003 with score 74.7%.
[cartographer_node-3] [INFO] [1762136726.626467866] [cartographer logger]: I1102 20:25:26.000000 50608 constraint_builder_2d.cc:275] Node (0, 64) with 202 points on submap (0, 2) differs by translation 0.00 rotation 0.004 with score 69.7%.
[cartographer_node-3] [INFO] [1762136726.631191041] [cartographer logger]: I1102 20:25:26.000000 50607 constraint_builder_2d.cc:275] Node (0, 0) with 204 points on submap (0, 2) differs by translation 0.01 rotation 0.002 with score 74.5%.
[cartographer_node-3] [INFO] [1762136726.645082860] [cartographer logger]: I1102 20:25:26.000000 50606 constraint_builder_2d.cc:275] Node (0, 2) with 201 points on submap (0, 2) differs by translation 0.00 rotation 0.003 with score 77.8%.
[cartographer_node-3] [INFO] [1762136726.671346497] [cartographer logger]: I1102 20:25:26.000000 50607 constraint_builder_2d.cc:275] Node (0, 70) with 206 points on submap (0, 2) differs by translation 0.01 rotation 0.005 with score 71.1%.
[cartographer_node-3] [INFO] [1762136726.675970116] [cartographer logger]: I1102 20:25:26.000000 50606 constraint_builder_2d.cc:275] Node (0, 72) with 207 points on submap (0, 2) differs by translation 0.01 rotation 0.005 with score 70.3%.
[cartographer_node-3] [INFO] [1762136726.678225411] [cartographer logger]: I1102 20:25:26.000000 50608 constraint_builder_2d.cc:275] Node (0, 68) with 213 points on submap (0, 2) differs by translation 0.01 rotation 0.005 with score 73.1%.
[cartographer_node-3] [INFO] [1762136726.714076493] [cartographer logger]: I1102 20:25:26.000000 50560 pose_graph_2d.cc:148] Inserted submap (0, 4).
[cartographer_node-3] [INFO] [1762136726.728373128] [cartographer logger]: I1102 20:25:26.000000 50606 constraint_builder_2d.cc:275] Node (0, 76) with 206 points on submap (0, 2) differs by translation 0.01 rotation 0.005 with score 69.6%.
[cartographer_node-3] [INFO] [1762136726.734248032] [cartographer logger]: I1102 20:25:26.000000 50608 constraint_builder_2d.cc:275] Node (0, 104) with 206 points on submap (0, 2) differs by translation 0.01 rotation 0.005 with score 68.6%.
[cartographer_node-3] [INFO] [1762136726.756098747] [cartographer logger]: I1102 20:25:26.000000 50609 constraint_builder_2d.cc:275] Node (0, 66) with 207 points on submap (0, 2) differs by translation 0.01 rotation 0.005 with score 68.8%.
[cartographer_node-3] [INFO] [1762136726.775303909] [cartographer logger]: I1102 20:25:26.000000 50607 constraint_builder_2d.cc:275] Node (0, 74) with 211 points on submap (0, 2) differs by translation 0.01 rotation 0.004 with score 69.9%.
[cartographer_node-3] [INFO] [1762136726.806103706] [cartographer logger]: I1102 20:25:26.000000 50606 constraint_builder_2d.cc:275] Node (0, 106) with 201 points on submap (0, 2) differs by translation 0.01 rotation 0.005 with score 66.3%.
[cartographer_node-3] [INFO] [1762136726.845937867] [cartographer logger]: I1102 20:25:26.000000 50609 constraint_builder_2d.cc:275] Node (0, 110) with 207 points on submap (0, 2) differs by translation 0.00 rotation 0.003 with score 68.6%.
[cartographer_node-3] [INFO] [1762136726.878564621] [cartographer logger]: I1102 20:25:26.000000 50608 constraint_builder_2d.cc:275] Node (0, 108) with 201 points on submap (0, 2) differs by translation 0.00 rotation 0.004 with score 66.8%.
[cartographer_node-3] [INFO] [1762136726.880115278] [cartographer logger]: I1102 20:25:26.000000 50607 constraint_builder_2d.cc:275] Node (0, 114) with 207 points on submap (0, 2) differs by translation 0.01 rotation 0.006 with score 66.0%.
[cartographer_node-3] [INFO] [1762136726.914669217] [cartographer logger]: I1102 20:25:26.000000 50606 constraint_builder_2d.cc:275] Node (0, 116) with 209 points on submap (0, 2) differs by translation 0.01 rotation 0.006 with score 68.4%.
[cartographer_node-3] [INFO] [1762136726.927359545] [cartographer logger]: I1102 20:25:26.000000 50609 constraint_builder_2d.cc:275] Node (0, 118) with 204 points on submap (0, 2) differs by translation 0.01 rotation 0.006 with score 63.1%.
[cartographer_node-3] [INFO] [1762136726.981153592] [cartographer logger]: I1102 20:25:26.000000 50609 constraint_builder_2d.cc:275] Node (0, 140) with 207 points on submap (0, 2) differs by translation 0.00 rotation 0.003 with score 71.2%.
[cartographer_node-3] [INFO] [1762136726.991778744] [cartographer logger]: I1102 20:25:26.000000 50607 constraint_builder_2d.cc:275] Node (0, 136) with 201 points on submap (0, 2) differs by translation 0.01 rotation 0.004 with score 66.2%.
[cartographer_node-3] [INFO] [1762136727.059735980] [cartographer logger]: I1102 20:25:27.000000 50606 constraint_builder_2d.cc:275] Node (0, 138) with 206 points on submap (0, 2) differs by translation 0.01 rotation 0.003 with score 68.8%.
[cartographer_node-3] [INFO] [1762136727.071032041] [cartographer logger]: I1102 20:25:27.000000 50608 constraint_builder_2d.cc:275] Node (0, 120) with 203 points on submap (0, 2) differs by translation 0.01 rotation 0.005 with score 61.8%.
[cartographer_node-3] [INFO] [1762136727.110118490] [cartographer logger]: I1102 20:25:27.000000 50607 constraint_builder_2d.cc:275] Node (0, 144) with 209 points on submap (0, 2) differs by translation 0.01 rotation 0.002 with score 70.6%.
[cartographer_node-3] [INFO] [1762136727.111592312] [cartographer logger]: I1102 20:25:27.000000 50609 constraint_builder_2d.cc:275] Node (0, 142) with 207 points on submap (0, 2) differs by translation 0.00 rotation 0.004 with score 71.1%.
[cartographer_node-3] [INFO] [1762136727.125232376] [cartographer logger]: I1102 20:25:27.000000 50608 constraint_builder_2d.cc:275] Node (0, 148) with 205 points on submap (0, 2) differs by translation 0.00 rotation 0.002 with score 69.3%.
[cartographer_node-3] [INFO] [1762136727.140527133] [cartographer logger]: I1102 20:25:27.000000 50609 constraint_builder_2d.cc:275] Node (0, 166) with 209 points on submap (0, 2) differs by translation 0.01 rotation 0.002 with score 70.4%.
[cartographer_node-3] [INFO] [1762136727.144647403] [cartographer logger]: I1102 20:25:27.000000 50607 constraint_builder_2d.cc:275] Node (0, 164) with 202 points on submap (0, 2) differs by translation 0.01 rotation 0.003 with score 68.3%.
[cartographer_node-3] [INFO] [1762136727.170206850] [cartographer logger]: I1102 20:25:27.000000 50606 constraint_builder_2d.cc:275] Node (0, 146) with 202 points on submap (0, 2) differs by translation 0.00 rotation 0.003 with score 71.0%.
[cartographer_node-3] [INFO] [1762136727.179425255] [cartographer logger]: I1102 20:25:27.000000 50608 constraint_builder_2d.cc:275] Node (0, 168) with 201 points on submap (0, 2) differs by translation 0.00 rotation 0.002 with score 73.8%.
[cartographer_node-3] [INFO] [1762136727.187696004] [cartographer logger]: I1102 20:25:27.000000 50609 constraint_builder_2d.cc:275] Node (0, 170) with 205 points on submap (0, 2) differs by translation 0.00 rotation 0.001 with score 76.9%.
[cartographer_node-3] [INFO] [1762136727.224576888] [cartographer logger]: I1102 20:25:27.000000 50607 constraint_builder_2d.cc:275] Node (0, 172) with 210 points on submap (0, 2) differs by translation 0.00 rotation 0.001 with score 78.5%.
[cartographer_node-3] [INFO] [1762136727.243331055] [cartographer logger]: I1102 20:25:27.000000 50609 constraint_builder_2d.cc:275] Node (0, 178) with 200 points on submap (0, 2) differs by translation 0.00 rotation 0.001 with score 73.4%.
[cartographer_node-3] [INFO] [1762136727.267678579] [cartographer logger]: I1102 20:25:27.000000 50608 constraint_builder_2d.cc:275] Node (0, 176) with 215 points on submap (0, 2) differs by translation 0.00 rotation 0.001 with score 76.9%.
[cartographer_node-3] [INFO] [1762136727.273251486] [cartographer logger]: I1102 20:25:27.000000 50609 constraint_builder_2d.cc:275] Node (0, 54) with 202 points on submap (0, 2) differs by translation 0.00 rotation 0.003 with score 71.9%.
[cartographer_node-3] [INFO] [1762136727.316447292] [cartographer logger]: I1102 20:25:27.000000 50609 constraint_builder_2d.cc:275] Node (0, 58) with 205 points on submap (0, 2) differs by translation 0.00 rotation 0.003 with score 72.6%.
[cartographer_node-3] [INFO] [1762136727.320131064] [cartographer logger]: I1102 20:25:27.000000 50607 constraint_builder_2d.cc:275] Node (0, 52) with 203 points on submap (0, 2) differs by translation 0.00 rotation 0.003 with score 73.9%.
[cartographer_node-3] [INFO] [1762136727.326783153] [cartographer logger]: I1102 20:25:27.000000 50608 constraint_builder_2d.cc:275] Node (0, 56) with 204 points on submap (0, 2) differs by translation 0.01 rotation 0.002 with score 70.7%.
[cartographer_node-3] [INFO] [1762136727.365497682] [cartographer logger]: I1102 20:25:27.000000 50609 constraint_builder_2d.cc:275] Node (0, 60) with 206 points on submap (0, 2) differs by translation 0.00 rotation 0.005 with score 71.7%.
[cartographer_node-3] [INFO] [1762136727.369295570] [cartographer logger]: I1102 20:25:27.000000 50606 constraint_builder_2d.cc:275] Node (0, 174) with 208 points on submap (0, 2) differs by translation 0.00 rotation 0.000 with score 74.6%.
[cartographer_node-3] [INFO] [1762136727.376542756] [cartographer logger]: I1102 20:25:27.000000 50607 constraint_builder_2d.cc:275] Node (0, 62) with 207 points on submap (0, 2) differs by translation 0.01 rotation 0.003 with score 70.7%.
[cartographer_node-3] [INFO] [1762136727.402710997] [cartographer logger]: I1102 20:25:27.000000 50608 constraint_builder_2d.cc:275] Node (0, 112) with 206 points on submap (0, 2) differs by translation 0.01 rotation 0.006 with score 67.0%.
[cartographer_node-3] [INFO] [1762136727.410955984] [cartographer logger]: I1102 20:25:27.000000 50607 constraint_builder_2d.cc:275] Node (0, 44) with 207 points on submap (0, 2) differs by translation 0.00 rotation 0.004 with score 72.6%.
[cartographer_node-3] [INFO] [1762136727.420907572] [cartographer logger]: I1102 20:25:27.000000 50609 constraint_builder_2d.cc:275] Node (0, 40) with 203 points on submap (0, 2) differs by translation 0.00 rotation 0.003 with score 73.3%.
[cartographer_node-3] [INFO] [1762136727.446502668] [cartographer logger]: I1102 20:25:27.000000 50606 constraint_builder_2d.cc:275] Node (0, 42) with 215 points on submap (0, 2) differs by translation 0.00 rotation 0.004 with score 74.0%.
[cartographer_node-3] [INFO] [1762136727.453149541] [cartographer logger]: I1102 20:25:27.000000 50609 constraint_builder_2d.cc:275] Node (0, 50) with 207 points on submap (0, 2) differs by translation 0.01 rotation 0.002 with score 75.3%.
[cartographer_node-3] [INFO] [1762136727.505303166] [cartographer logger]: I1102 20:25:27.000000 50609 constraint_builder_2d.cc:275] Node (0, 6) with 202 points on submap (0, 2) differs by translation 0.00 rotation 0.004 with score 77.3%.
[cartographer_node-3] [INFO] [1762136727.509054332] [cartographer logger]: I1102 20:25:27.000000 50607 constraint_builder_2d.cc:275] Node (0, 48) with 201 points on submap (0, 2) differs by translation 0.00 rotation 0.003 with score 75.2%.
[cartographer_node-3] [INFO] [1762136727.515014327] [cartographer logger]: I1102 20:25:27.000000 50608 constraint_builder_2d.cc:275] Node (0, 46) with 202 points on submap (0, 2) differs by translation 0.00 rotation 0.003 with score 75.4%.
[cartographer_node-3] [INFO] [1762136727.523044106] [cartographer logger]: I1102 20:25:27.000000 50606 constraint_builder_2d.cc:275] Node (0, 8) with 200 points on submap (0, 2) differs by translation 0.00 rotation 0.003 with score 76.3%.
[cartographer_node-3] [INFO] [1762136727.572180260] [cartographer logger]: I1102 20:25:27.000000 50608 constraint_builder_2d.cc:275] Node (0, 24) with 212 points on submap (0, 2) differs by translation 0.01 rotation 0.003 with score 74.0%.
[cartographer_node-3] [INFO] [1762136727.581674676] [cartographer logger]: I1102 20:25:27.000000 50607 constraint_builder_2d.cc:275] Node (0, 22) with 202 points on submap (0, 2) differs by translation 0.00 rotation 0.003 with score 75.5%.
[cartographer_node-3] [INFO] [1762136727.607007201] [cartographer logger]: I1102 20:25:27.000000 50606 constraint_builder_2d.cc:275] Node (0, 26) with 212 points on submap (0, 2) differs by translation 0.01 rotation 0.003 with score 76.9%.
[cartographer_node-3] [INFO] [1762136727.610074499] [cartographer logger]: I1102 20:25:27.000000 50609 constraint_builder_2d.cc:275] Node (0, 20) with 203 points on submap (0, 2) differs by translation 0.00 rotation 0.003 with score 75.8%.
[cartographer_node-3] [INFO] [1762136727.627470209] [cartographer logger]: I1102 20:25:27.000000 50608 constraint_builder_2d.cc:275] Node (0, 28) with 204 points on submap (0, 2) differs by translation 0.00 rotation 0.003 with score 76.9%.
[cartographer_node-3] [INFO] [1762136727.643168663] [cartographer logger]: I1102 20:25:27.000000 50606 constraint_builder_2d.cc:275] Node (0, 152) with 208 points on submap (0, 2) differs by translation 0.00 rotation 0.001 with score 74.2%.
[cartographer_node-3] [INFO] [1762136727.668496420] [cartographer logger]: I1102 20:25:27.000000 50607 constraint_builder_2d.cc:275] Node (0, 150) with 208 points on submap (0, 2) differs by translation 0.00 rotation 0.003 with score 69.3%.
[cartographer_node-3] [INFO] [1762136727.671299738] [cartographer logger]: I1102 20:25:27.000000 50609 constraint_builder_2d.cc:275] Node (0, 154) with 204 points on submap (0, 2) differs by translation 0.00 rotation 0.003 with score 74.1%.
[cartographer_node-3] [INFO] [1762136727.677440573] [cartographer logger]: I1102 20:25:27.000000 50606 constraint_builder_2d.cc:275] Node (0, 158) with 203 points on submap (0, 2) differs by translation 0.01 rotation 0.004 with score 72.6%.
[cartographer_node-3] [INFO] [1762136727.681544362] [cartographer logger]: I1102 20:25:27.000000 50608 constraint_builder_2d.cc:275] Node (0, 156) with 207 points on submap (0, 2) differs by translation 0.01 rotation 0.004 with score 73.4%.
[cartographer_node-3] [INFO] [1762136727.736510042] [cartographer logger]: I1102 20:25:27.000000 50607 constraint_builder_2d.cc:275] Node (0, 160) with 210 points on submap (0, 2) differs by translation 0.01 rotation 0.004 with score 73.0%.
[cartographer_node-3] [INFO] [1762136727.746851214] [cartographer logger]: I1102 20:25:27.000000 50606 constraint_builder_2d.cc:275] Node (0, 122) with 205 points on submap (0, 2) differs by translation 0.01 rotation 0.005 with score 65.5%.
[cartographer_node-3] [INFO] [1762136727.751737212] [cartographer logger]: I1102 20:25:27.000000 50608 constraint_builder_2d.cc:275] Node (0, 124) with 209 points on submap (0, 2) differs by translation 0.01 rotation 0.004 with score 67.4%.
[cartographer_node-3] [INFO] [1762136727.754373771] [cartographer logger]: I1102 20:25:27.000000 50609 constraint_builder_2d.cc:275] Node (0, 162) with 211 points on submap (0, 2) differs by translation 0.00 rotation 0.001 with score 71.5%.
[cartographer_node-3] [INFO] [1762136727.786226828] [cartographer logger]: I1102 20:25:27.000000 50607 constraint_builder_2d.cc:275] Node (0, 126) with 213 points on submap (0, 2) differs by translation 0.01 rotation 0.004 with score 68.7%.
[usb_lidar_node-1] [INFO] [1762136727.844275901] [usb_tim_publisher]: Publishing scan: 811 points, 0.333° increment | subs=8
[cartographer_node-3] [INFO] [1762136727.852824486] [cartographer logger]: I1102 20:25:27.000000 50608 constraint_builder_2d.cc:275] Node (0, 130) with 203 points on submap (0, 2) differs by translation 0.00 rotation 0.003 with score 68.6%.
[cartographer_node-3] [INFO] [1762136727.860976670] [cartographer logger]: I1102 20:25:27.000000 50607 constraint_builder_2d.cc:275] Node (0, 134) with 211 points on submap (0, 2) differs by translation 0.01 rotation 0.005 with score 66.6%.
[cartographer_node-3] [INFO] [1762136727.864857954] [cartographer logger]: I1102 20:25:27.000000 50609 constraint_builder_2d.cc:275] Node (0, 132) with 202 points on submap (0, 2) differs by translation 0.01 rotation 0.003 with score 65.0%.
[cartographer_node-3] [INFO] [1762136727.892261574] [cartographer logger]: I1102 20:25:27.000000 50606 constraint_builder_2d.cc:275] Node (0, 128) with 200 points on submap (0, 2) differs by translation 0.01 rotation 0.005 with score 69.4%.
[cartographer_node-3] [INFO] [1762136727.904924636] [cartographer logger]: I1102 20:25:27.000000 50607 constraint_builder_2d.cc:275] Node (0, 32) with 207 points on submap (0, 2) differs by translation 0.01 rotation 0.004 with score 76.1%.
[cartographer_node-3] [INFO] [1762136727.921737890] [cartographer logger]: I1102 20:25:27.000000 50608 constraint_builder_2d.cc:275] Node (0, 30) with 206 points on submap (0, 2) differs by translation 0.00 rotation 0.004 with score 74.9%.
[cartographer_node-3] [INFO] [1762136727.934370935] [cartographer logger]: I1102 20:25:27.000000 50609 constraint_builder_2d.cc:275] Node (0, 34) with 211 points on submap (0, 2) differs by translation 0.00 rotation 0.004 with score 74.7%.
[cartographer_node-3] [INFO] [1762136727.936450927] [cartographer logger]: I1102 20:25:27.000000 50606 constraint_builder_2d.cc:275] Node (0, 36) with 204 points on submap (0, 2) differs by translation 0.00 rotation 0.004 with score 76.7%.
[cartographer_node-3] [INFO] [1762136727.959824745] [cartographer logger]: I1102 20:25:27.000000 50607 constraint_builder_2d.cc:275] Node (0, 38) with 203 points on submap (0, 2) differs by translation 0.01 rotation 0.002 with score 74.3%.
[cartographer_node-3] [INFO] [1762136727.987676160] [cartographer logger]: I1102 20:25:27.000000 50608 constraint_builder_2d.cc:275] Node (0, 10) with 210 points on submap (0, 2) differs by translation 0.00 rotation 0.004 with score 75.9%.
[cartographer_node-3] [INFO] [1762136728.006384693] [cartographer logger]: I1102 20:25:28.000000 50607 constraint_builder_2d.cc:275] Node (0, 16) with 207 points on submap (0, 2) differs by translation 0.00 rotation 0.003 with score 76.7%.
[cartographer_node-3] [INFO] [1762136728.021232136] [cartographer logger]: I1102 20:25:28.000000 50609 constraint_builder_2d.cc:275] Node (0, 12) with 212 points on submap (0, 2) differs by translation 0.00 rotation 0.003 with score 76.1%.
[cartographer_node-3] [INFO] [1762136728.023818197] [cartographer logger]: I1102 20:25:28.000000 50608 constraint_builder_2d.cc:275] Node (0, 18) with 209 points on submap (0, 2) differs by translation 0.00 rotation 0.004 with score 76.2%.
[cartographer_node-3] [INFO] [1762136728.059106789] [cartographer logger]: I1102 20:25:28.000000 50608 constraint_builder_2d.cc:275] Node (0, 82) with 215 points on submap (0, 2) differs by translation 0.01 rotation 0.005 with score 70.2%.
[cartographer_node-3] [INFO] [1762136728.085888559] [cartographer logger]: I1102 20:25:28.000000 50609 constraint_builder_2d.cc:275] Node (0, 80) with 206 points on submap (0, 2) differs by translation 0.01 rotation 0.006 with score 68.9%.
[cartographer_node-3] [INFO] [1762136728.089279518] [cartographer logger]: I1102 20:25:28.000000 50607 constraint_builder_2d.cc:275] Node (0, 78) with 200 points on submap (0, 2) differs by translation 0.01 rotation 0.005 with score 68.2%.
[cartographer_node-3] [INFO] [1762136728.099532206] [cartographer logger]: I1102 20:25:28.000000 50608 constraint_builder_2d.cc:275] Node (0, 84) with 200 points on submap (0, 2) differs by translation 0.01 rotation 0.005 with score 68.7%.
[cartographer_node-3] [INFO] [1762136728.121415337] [cartographer logger]: I1102 20:25:28.000000 50608 constraint_builder_2d.cc:275] Node (0, 90) with 210 points on submap (0, 2) differs by translation 0.01 rotation 0.005 with score 63.9%.
[cartographer_node-3] [INFO] [1762136728.134813150] [cartographer logger]: I1102 20:25:28.000000 50607 constraint_builder_2d.cc:275] Node (0, 88) with 213 points on submap (0, 2) differs by translation 0.01 rotation 0.005 with score 64.6%.
[cartographer_node-3] [INFO] [1762136728.159213123] [cartographer logger]: I1102 20:25:28.000000 50609 constraint_builder_2d.cc:275] Node (0, 86) with 205 points on submap (0, 2) differs by translation 0.01 rotation 0.006 with score 69.1%.
[cartographer_node-3] [INFO] [1762136728.176596224] [cartographer logger]: I1102 20:25:28.000000 50606 constraint_builder_2d.cc:275] Node (0, 14) with 212 points on submap (0, 2) differs by translation 0.00 rotation 0.003 with score 74.4%.
[cartographer_node-3] [INFO] [1762136728.207615037] [cartographer logger]: I1102 20:25:28.000000 50607 constraint_builder_2d.cc:275] Node (0, 94) with 204 points on submap (0, 2) differs by translation 0.00 rotation 0.005 with score 61.2%.
[cartographer_node-3] [INFO] [1762136728.216845762] [cartographer logger]: I1102 20:25:28.000000 50608 constraint_builder_2d.cc:275] Node (0, 92) with 203 points on submap (0, 2) differs by translation 0.00 rotation 0.004 with score 66.8%.
[cartographer_node-3] [INFO] [1762136728.218996093] [cartographer logger]: I1102 20:25:28.000000 50606 constraint_builder_2d.cc:275] Node (0, 98) with 205 points on submap (0, 2) differs by translation 0.00 rotation 0.004 with score 66.0%.
[cartographer_node-3] [INFO] [1762136728.244531218] [cartographer logger]: I1102 20:25:28.000000 50606 constraint_builder_2d.cc:275] Node (0, 360) with 201 points on submap (0, 0) differs by translation 0.01 rotation 0.005 with score 71.8%.
[cartographer_node-3] [INFO] [1762136728.270640415] [cartographer logger]: I1102 20:25:28.000000 50609 constraint_builder_2d.cc:275] Node (0, 96) with 208 points on submap (0, 2) differs by translation 0.01 rotation 0.004 with score 67.2%.
[cartographer_node-3] [INFO] [1762136728.274707818] [cartographer logger]: I1102 20:25:28.000000 50607 constraint_builder_2d.cc:275] Node (0, 100) with 202 points on submap (0, 2) differs by translation 0.01 rotation 0.004 with score 71.1%.
[cartographer_node-3] [INFO] [1762136728.279899397] [cartographer logger]: I1102 20:25:28.000000 50608 constraint_builder_2d.cc:275] Node (0, 102) with 202 points on submap (0, 2) differs by translation 0.01 rotation 0.006 with score 64.1%.
[cartographer_node-3] [INFO] [1762136728.289903851] [cartographer logger]: I1102 20:25:28.000000 50606 constraint_builder_2d.cc:275] Node (0, 360) with 201 points on submap (0, 1) differs by translation 0.01 rotation 0.001 with score 73.6%.
[cartographer_node-3] [INFO] [1762136728.303335362] [cartographer logger]: I1102 20:25:28.000000 50609 constraint_builder_2d.cc:275] Node (0, 360) with 201 points on submap (0, 2) differs by translation 0.01 rotation 0.004 with score 74.3%.
[cartographer_node-3] [INFO] [1762136728.314491000] [cartographer logger]: I1102 20:25:28.000000 50606 constraint_builder_2d.cc:275] Node (0, 362) with 200 points on submap (0, 2) differs by translation 0.01 rotation 0.003 with score 76.0%.
[cartographer_node-3] [INFO] [1762136728.322881402] [cartographer logger]: I1102 20:25:28.000000 50607 constraint_builder_2d.cc:275] Node (0, 362) with 200 points on submap (0, 0) differs by translation 0.01 rotation 0.005 with score 70.9%.
[cartographer_node-3] [INFO] [1762136728.327857612] [cartographer logger]: I1102 20:25:28.000000 50608 constraint_builder_2d.cc:275] Node (0, 362) with 200 points on submap (0, 1) differs by translation 0.01 rotation 0.001 with score 71.2%.
[cartographer_node-3] [INFO] [1762136728.432809942] [cartographer logger]: I1102 20:25:28.000000 50606 constraint_builder_2d.cc:275] Node (0, 364) with 204 points on submap (0, 0) differs by translation 0.01 rotation 0.003 with score 74.4%.
[cartographer_node-3] [INFO] [1762136728.435288959] [cartographer logger]: I1102 20:25:28.000000 50608 constraint_builder_2d.cc:275] Node (0, 364) with 204 points on submap (0, 2) differs by translation 0.01 rotation 0.004 with score 74.8%.
[cartographer_node-3] [INFO] [1762136728.446100391] [cartographer logger]: I1102 20:25:28.000000 50607 constraint_builder_2d.cc:275] Node (0, 364) with 204 points on submap (0, 1) differs by translation 0.01 rotation 0.000 with score 71.6%.
[cartographer_node-3] [INFO] [1762136729.442531784] [cartographer logger]: I1102 20:25:29.000000 50607 constraint_builder_2d.cc:275] Node (0, 366) with 205 points on submap (0, 0) differs by translation 0.01 rotation 0.002 with score 72.6%.
[cartographer_node-3] [INFO] [1762136729.447849736] [cartographer logger]: I1102 20:25:29.000000 50606 constraint_builder_2d.cc:275] Node (0, 366) with 205 points on submap (0, 2) differs by translation 0.00 rotation 0.003 with score 74.2%.
[cartographer_node-3] [INFO] [1762136729.450694432] [cartographer logger]: I1102 20:25:29.000000 50609 constraint_builder_2d.cc:275] Node (0, 366) with 205 points on submap (0, 1) differs by translation 0.01 rotation 0.000 with score 70.7%.
[usb_lidar_node-1] [INFO] [1762136729.844557692] [usb_tim_publisher]: Publishing scan: 811 points, 0.333° increment | subs=8
[cartographer_node-3] [INFO] [1762136729.919572630] [cartographer logger]: I1102 20:25:29.000000 50607 pose_graph_2d.cc:538] Remaining work items in queue: 0
[cartographer_node-3] [INFO] [1762136729.920451963] [cartographer logger]: I1102 20:25:29.000000 50607 constraint_builder_2d.cc:290] 140 computations resulted in 140 additional constraints.
[cartographer_node-3] [INFO] [1762136729.920581025] [cartographer logger]: I1102 20:25:29.000000 50607 constraint_builder_2d.cc:292] Score histogram:
[cartographer_node-3] Count: 282  Min: 0.595184  Max: 0.8244  Mean: 0.722114
[cartographer_node-3] [0.595184, 0.618106)	                    	Count: 5 (1.77305%)	Total: 5 (1.77305%)
[cartographer_node-3] [0.618106, 0.641027)	                   #	Count: 11 (3.90071%)	Total: 16 (5.67376%)
[cartographer_node-3] [0.641027, 0.663949)	                   #	Count: 21 (7.44681%)	Total: 37 (13.1206%)
[cartographer_node-3] [0.663949, 0.686870)	                  ##	Count: 23 (8.15603%)	Total: 60 (21.2766%)
[cartographer_node-3] [0.686870, 0.709792)	                 ###	Count: 40 (14.1844%)	Total: 100 (35.461%)
[cartographer_node-3] [0.709792, 0.732714)	                ####	Count: 52 (18.4397%)	Total: 152 (53.9007%)
[cartographer_node-3] [0.732714, 0.755635)	                ####	Count: 61 (21.6312%)	Total: 213 (75.5319%)
[cartographer_node-3] [0.755635, 0.778557)	                 ###	Count: 47 (16.6667%)	Total: 260 (92.1986%)
[cartographer_node-3] [0.778557, 0.801478)	                   #	Count: 17 (6.02837%)	Total: 277 (98.227%)
[cartographer_node-3] [0.801478, 0.824400]	                    	Count: 5 (1.77305%)	Total: 282 (100%)
[cartographer_node-3] [INFO] [1762136730.506891555] [cartographer logger]: I1102 20:25:30.000000 50608 constraint_builder_2d.cc:275] Node (0, 368) with 207 points on submap (0, 1) differs by translation 0.00 rotation 0.000 with score 72.7%.
[cartographer_node-3] [INFO] [1762136730.539529314] [cartographer logger]: I1102 20:25:30.000000 50609 constraint_builder_2d.cc:275] Node (0, 368) with 207 points on submap (0, 0) differs by translation 0.00 rotation 0.001 with score 75.3%.
[cartographer_node-3] [INFO] [1762136730.619501548] [cartographer logger]: I1102 20:25:30.000000 50606 constraint_builder_2d.cc:275] Node (0, 368) with 207 points on submap (0, 2) differs by translation 0.01 rotation 0.002 with score 75.1%.
[cartographer_node-3] [INFO] [1762136731.536383019] [cartographer logger]: I1102 20:25:31.000000 50606 constraint_builder_2d.cc:275] Node (0, 370) with 204 points on submap (0, 0) differs by translation 0.01 rotation 0.001 with score 73.5%.
[cartographer_node-3] [INFO] [1762136731.539515727] [cartographer logger]: I1102 20:25:31.000000 50608 constraint_builder_2d.cc:275] Node (0, 370) with 204 points on submap (0, 2) differs by translation 0.01 rotation 0.001 with score 74.3%.
[cartographer_node-3] [INFO] [1762136731.556625631] [cartographer logger]: I1102 20:25:31.000000 50607 constraint_builder_2d.cc:275] Node (0, 370) with 204 points on submap (0, 1) differs by translation 0.01 rotation 0.001 with score 71.9%.
[usb_lidar_node-1] [INFO] [1762136731.893088090] [usb_tim_publisher]: Publishing scan: 811 points, 0.333° increment | subs=8

==================================================================================================
End time: Sun Nov  2 08:25:32 PM CST 2025
==================================================================================================
